<?xml version="1.0" encoding="UTF-8"?>
<!-- Generated by org.testng.reporters.JUnitReportReporter -->
<testsuite skipped="0" hostname="Aspire-A515-51G" name="tests.ProizvodiTests" tests="2" failures="0" timestamp="2021-01-29T12:28:59 CET" time="51.735" errors="0">
  <testcase name="logIn" time="19.240" classname="tests.ProizvodiTests"/>
  <system-out/>
  <testcase name="name" time="32.495" classname="tests.ProizvodiTests"/>
  <system-out/>
</testsuite> <!-- tests.ProizvodiTests -->
