<?xml version="1.0" encoding="UTF-8"?>
<!-- Generated by org.testng.reporters.JUnitReportReporter -->
<testsuite skipped="0" hostname="Aspire-A515-51G" name="tests.LogInTests" tests="3" failures="0" timestamp="2021-02-01T19:48:47 CET" time="51.030" errors="0">
  <testcase name="logIn" time="17.569" classname="tests.LogInTests"/>
  <system-out/>
  <testcase name="logInWithoutCredentials" time="18.052" classname="tests.LogInTests"/>
  <system-out/>
  <testcase name="logInWrongCredentials" time="15.409" classname="tests.LogInTests"/>
  <system-out/>
</testsuite> <!-- tests.LogInTests -->
