<?xml version="1.0" encoding="UTF-8"?>
<!-- Generated by org.testng.reporters.JUnitReportReporter -->
<testsuite skipped="0" hostname="Aspire-A515-51G" name="JavaSusret22.Zadatak1" tests="1" failures="0" timestamp="2021-01-28T18:59:27 CET" time="8.472" errors="0">
  <testcase name="proizvodi" time="8.472" classname="JavaSusret22.Zadatak1"/>
  <system-out/>
</testsuite> <!-- JavaSusret22.Zadatak1 -->
