<?xml version="1.0" encoding="UTF-8"?>
<!-- Generated by org.testng.reporters.JUnitReportReporter -->
<testsuite skipped="0" hostname="Aspire-A515-51G" name="test5tests.Tests" tests="2" failures="0" timestamp="2021-02-05T20:17:53 CET" time="60.390" errors="0">
  <testcase name="logInTest" time="21.062" classname="test5tests.Tests"/>
  <system-out/>
  <testcase name="orderingTests" time="39.328" classname="test5tests.Tests"/>
  <system-out/>
</testsuite> <!-- test5tests.Tests -->
