<?xml version="1.0" encoding="UTF-8"?>
<!-- Generated by org.testng.reporters.JUnitReportReporter -->
<testsuite skipped="0" hostname="Aspire-A515-51G" name="JavaSusret21.TestNG" tests="3" failures="0" timestamp="2021-01-26T22:52:36 CET" time="0.015" errors="0">
  <testcase name="test2" time="0.003" classname="JavaSusret21.TestNG"/>
  <system-out/>
  <testcase name="test" time="0.009" classname="JavaSusret21.TestNG"/>
  <system-out/>
  <testcase name="test3" time="0.003" classname="JavaSusret21.TestNG"/>
  <system-out/>
</testsuite> <!-- JavaSusret21.TestNG -->
