<?xml version="1.0" encoding="UTF-8"?>
<!-- Generated by org.testng.reporters.JUnitReportReporter -->
<testsuite skipped="0" hostname="Aspire-A515-51G" name="tests.ProductTests" tests="1" failures="0" timestamp="2021-02-01T22:53:27 CET" time="32.011" errors="0">
  <testcase name="addAndDeleteProducts" time="32.011" classname="tests.ProductTests"/>
  <system-out/>
</testsuite> <!-- tests.ProductTests -->
