<?xml version="1.0" encoding="UTF-8"?>
<!-- Generated by org.testng.reporters.JUnitReportReporter -->
<testsuite skipped="0" hostname="Aspire-A515-51G" name="domaci_26_01_2021.Zadatak" tests="2" failures="0" timestamp="2021-01-28T13:43:06 CET" time="44.020" errors="0">
  <testcase name="assertAllFields" time="9.386" classname="domaci_26_01_2021.Zadatak"/>
  <system-out/>
  <testcase name="submitForm" time="34.634" classname="domaci_26_01_2021.Zadatak"/>
  <system-out/>
</testsuite> <!-- domaci_26_01_2021.Zadatak -->
