<?xml version="1.0" encoding="UTF-8"?>
<!-- Generated by org.testng.reporters.JUnitReportReporter -->
<testsuite skipped="0" hostname="Aspire-A515-51G" name="tools.testTools" tests="1" failures="0" timestamp="2021-02-05T12:14:32 CET" time="23.411" errors="0">
  <testcase name="login" time="23.411" classname="tools.testTools"/>
  <system-out/>
</testsuite> <!-- tools.testTools -->
